<?xml version="1.0" encoding="UTF-8"?>
<!-- Generated by org.testng.reporters.JUnitReportReporter -->
<testsuite hostname="BLTPG00TMEG" name="seleniumInterview.Link_Class" tests="1" failures="0" timestamp="16 Nov 2017 07:38:49 GMT" time="124.243" errors="0">
  <testcase name="xpathTest" time="124.243" classname="seleniumInterview.Link_Class"/>
</testsuite> <!-- seleniumInterview.Link_Class -->
