<?xml version="1.0" encoding="UTF-8"?>
<!-- Generated by org.testng.reporters.JUnitReportReporter -->
<testsuite hostname="BLTPG00TMEG" name="seleniumInterview.AllValueFromDropDownList" tests="1" failures="0" timestamp="12 Nov 2017 02:24:48 GMT" time="20.437" errors="0">
  <testcase name="doLogin" time="20.437" classname="seleniumInterview.AllValueFromDropDownList"/>
</testsuite> <!-- seleniumInterview.AllValueFromDropDownList -->
