<?xml version="1.0" encoding="UTF-8"?>
<!-- Generated by org.testng.reporters.JUnitReportReporter -->
<testsuite hostname="BLTPG00TMEG" name="a_1_Program.CrossBrowserTest" tests="1" failures="0" timestamp="3 May 2018 03:03:08 GMT" time="8.275" errors="0">
  <testcase name="crossbrowserTesting" time="8.275" classname="a_1_Program.CrossBrowserTest"/>
</testsuite> <!-- a_1_Program.CrossBrowserTest -->
