<?xml version="1.0" encoding="UTF-8"?>
<!-- Generated by org.testng.reporters.JUnitReportReporter -->
<testsuite hostname="BLTPG00TMEG" name="eventListener.Listener_Demo_Application" tests="1" failures="0" timestamp="13 Dec 2017 02:33:18 GMT" time="15.217" errors="0">
  <testcase name="loginTesting" time="15.217" classname="eventListener.Listener_Demo_Application"/>
</testsuite> <!-- eventListener.Listener_Demo_Application -->
