<?xml version="1.0" encoding="UTF-8"?>
<!-- Generated by org.testng.reporters.JUnitReportReporter -->
<testsuite hostname="BLTPG00TMEG" name="interviewPractise.BobbleSorting" tests="1" failures="0" timestamp="3 Mar 2018 04:55:20 GMT" time="0.017" errors="0">
  <testcase name="bobblesortPro" time="0.017" classname="interviewPractise.BobbleSorting"/>
</testsuite> <!-- interviewPractise.BobbleSorting -->
