<?xml version="1.0" encoding="UTF-8"?>
<!-- Generated by org.testng.reporters.JUnitReportReporter -->
<testsuite hostname="BLTPG00TMEG" name="a_1_Program.Practical_Program" tests="1" failures="0" timestamp="12 May 2018 10:25:19 GMT" time="0.018" errors="0">
  <testcase name="test" time="0.018" classname="a_1_Program.Practical_Program"/>
</testsuite> <!-- a_1_Program.Practical_Program -->
