<?xml version="1.0" encoding="UTF-8"?>
<!-- Generated by org.testng.reporters.JUnitReportReporter -->
<testsuite hostname="BLTPG00TMEG" name="interviewPractise.CrossBrowserTest" tests="1" failures="0" timestamp="7 Mar 2018 15:35:14 GMT" time="3.796" errors="0">
  <testcase name="testBrowser" time="3.796" classname="interviewPractise.CrossBrowserTest"/>
</testsuite> <!-- interviewPractise.CrossBrowserTest -->
