<?xml version="1.0" encoding="UTF-8"?>
<!-- Generated by org.testng.reporters.JUnitReportReporter -->
<testsuite hostname="BLTPG00TMEG" name="mukesh_Otwani.CrossBrowser_Test" tests="1" failures="0" timestamp="17 Mar 2018 05:19:53 GMT" time="3.973" errors="0">
  <testcase name="crossTest" time="3.973" classname="mukesh_Otwani.CrossBrowser_Test"/>
</testsuite> <!-- mukesh_Otwani.CrossBrowser_Test -->
