<?xml version="1.0" encoding="UTF-8"?>
<!-- Generated by org.testng.reporters.JUnitReportReporter -->
<testsuite hostname="BLTPG00TMEG" name="listenerEventPack.LoginTestByListenerClass" tests="1" failures="0" timestamp="13 Dec 2017 03:55:18 GMT" time="59.303" errors="0">
  <testcase name="loginTest" time="59.303" classname="listenerEventPack.LoginTestByListenerClass"/>
</testsuite> <!-- listenerEventPack.LoginTestByListenerClass -->
