<?xml version="1.0" encoding="UTF-8"?>
<!-- Generated by org.testng.reporters.JUnitReportReporter -->
<testsuite hostname="BLTPG00TMEG" name="interviewPractise.DataProviderTest" tests="3" failures="0" timestamp="3 Mar 2018 11:11:31 GMT" time="0.017" errors="0">
  <testcase name="testing" time="0.015" classname="interviewPractise.DataProviderTest"/>
  <testcase name="testing" time="0.001" classname="interviewPractise.DataProviderTest"/>
  <testcase name="testing" time="0.001" classname="interviewPractise.DataProviderTest"/>
</testsuite> <!-- interviewPractise.DataProviderTest -->
