<?xml version="1.0" encoding="UTF-8"?>
<!-- Generated by org.testng.reporters.JUnitReportReporter -->
<testsuite hostname="BLTPG00TMEG" name="javaPackage_InterviewQ.TestB" tests="1" failures="0" timestamp="11 Nov 2017 14:18:45 GMT" time="3.015" errors="0">
  <testcase name="Test_B" time="3.015" classname="javaPackage_InterviewQ.TestB"/>
</testsuite> <!-- javaPackage_InterviewQ.TestB -->
