<?xml version="1.0" encoding="UTF-8"?>
<!-- Generated by org.testng.reporters.JUnitReportReporter -->
<testsuite hostname="BLTPG00TMEG" name="xpath_Practise.ProgrammPractise" tests="1" failures="0" timestamp="21 Feb 2018 18:36:35 GMT" time="0.016" errors="0">
  <testcase name="primeNumber" time="0.016" classname="xpath_Practise.ProgrammPractise"/>
</testsuite> <!-- xpath_Practise.ProgrammPractise -->
