<?xml version="1.0" encoding="UTF-8"?>
<!-- Generated by org.testng.reporters.JUnitReportReporter -->
<testsuite hostname="BLTPG00TMEG" name="interviewPractise.CrossBrowserTesting" tests="1" failures="0" timestamp="7 Mar 2018 15:35:14 GMT" time="21.609" errors="0">
  <testcase name="testBrowser" time="21.609" classname="interviewPractise.CrossBrowserTesting"/>
</testsuite> <!-- interviewPractise.CrossBrowserTesting -->
