<?xml version="1.0" encoding="UTF-8"?>
<!-- Generated by org.testng.reporters.JUnitReportReporter -->
<testsuite hostname="BLTPG00TMEG" name="javaPackage_InterviewQ.ParameterTest" tests="2" failures="0" timestamp="11 Nov 2017 14:59:40 GMT" time="24.257" errors="0">
  <testcase name="doLogin" time="13.828" classname="javaPackage_InterviewQ.ParameterTest"/>
  <testcase name="doLogin" time="10.429" classname="javaPackage_InterviewQ.ParameterTest"/>
</testsuite> <!-- javaPackage_InterviewQ.ParameterTest -->
