<?xml version="1.0" encoding="UTF-8"?>
<!-- Generated by org.testng.reporters.JUnitReportReporter -->
<testsuite hostname="BLTPG00TMEG" name="log4j.Log4jTest" tests="1" failures="0" timestamp="8 Dec 2017 18:32:05 GMT" time="0.010" errors="0">
  <testcase name="log" time="0.010" classname="log4j.Log4jTest"/>
</testsuite> <!-- log4j.Log4jTest -->
