<?xml version="1.0" encoding="UTF-8"?>
<!-- Generated by org.testng.reporters.JUnitReportReporter -->
<testsuite hostname="BLTPG00TMEG" name="failTestPackage.TestA" tests="2" failures="0" timestamp="7 Mar 2018 16:17:23 GMT" time="0.020" errors="0">
  <testcase name="test1" time="0.018" classname="failTestPackage.TestA"/>
  <testcase name="test2" time="0.002" classname="failTestPackage.TestA"/>
</testsuite> <!-- failTestPackage.TestA -->
