<?xml version="1.0" encoding="UTF-8"?>
<!-- Generated by org.testng.reporters.JUnitReportReporter -->
<testsuite hostname="BLTPG00TMEG" name="failTestPackage.M_A" tests="2" failures="0" timestamp="7 Mar 2018 16:43:24 GMT" time="0.023" errors="0">
  <testcase name="M1" time="0.021" classname="failTestPackage.M_A"/>
  <testcase name="M2" time="0.002" classname="failTestPackage.M_A"/>
</testsuite> <!-- failTestPackage.M_A -->
