<?xml version="1.0" encoding="UTF-8"?>
<!-- Generated by org.testng.reporters.JUnitReportReporter -->
<testsuite hostname="BLTPG00TMEG" name="a_1_Program.TestNG_Class" tests="8" failures="0" timestamp="13 May 2018 00:49:19 GMT" time="0.032" errors="0">
  <testcase name="manoj_TestNG_1" time="0.004" classname="a_1_Program.TestNG_Class"/>
  <testcase name="d_method" time="0.003" classname="a_1_Program.TestNG_Class"/>
  <testcase name="a_method" time="0.001" classname="a_1_Program.TestNG_Class"/>
  <testcase name="b_method" time="0.001" classname="a_1_Program.TestNG_Class"/>
  <testcase name="c_method" time="0.018" classname="a_1_Program.TestNG_Class"/>
  <testcase name="e_method" time="0.001" classname="a_1_Program.TestNG_Class"/>
  <testcase name="manoj_TestNG_3" time="0.002" classname="a_1_Program.TestNG_Class"/>
  <testcase name="manoj_TestNG_0" time="0.002" classname="a_1_Program.TestNG_Class"/>
</testsuite> <!-- a_1_Program.TestNG_Class -->
