<?xml version="1.0" encoding="UTF-8"?>
<!-- Generated by org.testng.reporters.JUnitReportReporter -->
<testsuite hostname="BLTPG00TMEG" name="javaPackage_InterviewQ.Assertion_Soft_Assert" tests="1" failures="1" timestamp="11 Nov 2017 14:05:35 GMT" time="0.013" errors="0">
  <testcase name="doLogin" time="0.013" classname="javaPackage_InterviewQ.Assertion_Soft_Assert">
    <failure type="java.lang.AssertionError" message="The following asserts failed:
	expected [manoj1] but found [manoj]">
      <![CDATA[java.lang.AssertionError: The following asserts failed:
	expected [manoj1] but found [manoj]
	at org.testng.asserts.SoftAssert.assertAll(SoftAssert.java:43)
	at javaPackage_InterviewQ.Assertion_Soft_Assert.doLogin(Assertion_Soft_Assert.java:23)
	at sun.reflect.NativeMethodAccessorImpl.invoke0(Native Method)
	at sun.reflect.NativeMethodAccessorImpl.invoke(Unknown Source)
	at sun.reflect.DelegatingMethodAccessorImpl.invoke(Unknown Source)
	at java.lang.reflect.Method.invoke(Unknown Source)
	at org.testng.internal.MethodInvocationHelper.invokeMethod(MethodInvocationHelper.java:85)
	at org.testng.internal.Invoker.invokeMethod(Invoker.java:639)
	at org.testng.internal.Invoker.invokeTestMethod(Invoker.java:816)
	at org.testng.internal.Invoker.invokeTestMethods(Invoker.java:1124)
	at org.testng.internal.TestMethodWorker.invokeTestMethods(TestMethodWorker.java:125)
	at org.testng.internal.TestMethodWorker.run(TestMethodWorker.java:108)
	at org.testng.TestRunner.privateRun(TestRunner.java:774)
	at org.testng.TestRunner.run(TestRunner.java:624)
	at org.testng.SuiteRunner.runTest(SuiteRunner.java:359)
	at org.testng.SuiteRunner.access$000(SuiteRunner.java:39)
	at org.testng.SuiteRunner$SuiteWorker.run(SuiteRunner.java:393)
	at org.testng.internal.thread.ThreadUtil$2.call(ThreadUtil.java:64)
	at java.util.concurrent.FutureTask.run(Unknown Source)
	at java.util.concurrent.ThreadPoolExecutor.runWorker(Unknown Source)
	at java.util.concurrent.ThreadPoolExecutor$Worker.run(Unknown Source)
	at java.lang.Thread.run(Unknown Source)
]]>
    </failure>
  </testcase> <!-- doLogin -->
</testsuite> <!-- javaPackage_InterviewQ.Assertion_Soft_Assert -->
