<?xml version="1.0" encoding="UTF-8"?>
<!-- Generated by org.testng.reporters.JUnitReportReporter -->
<testsuite hostname="BLTPG00TMEG" name="mukesh_Otwani.TestCase_1" tests="1" failures="0" timestamp="17 Mar 2018 04:44:33 GMT" time="0.021" errors="0">
  <testcase name="testcaseA" time="0.021" classname="mukesh_Otwani.TestCase_1"/>
</testsuite> <!-- mukesh_Otwani.TestCase_1 -->
