<?xml version="1.0" encoding="UTF-8"?>
<!-- Generated by org.testng.reporters.JUnitReportReporter -->
<testsuite hostname="BLTPG00TMEG" name="InterviewPractice.GenerateExtentReport" tests="1" failures="0" timestamp="17 Feb 2018 08:55:24 GMT" time="12.710" errors="0">
  <testcase name="extentTestReporting" time="12.710" classname="InterviewPractice.GenerateExtentReport"/>
</testsuite> <!-- InterviewPractice.GenerateExtentReport -->
