<?xml version="1.0" encoding="UTF-8"?>
<!-- Generated by org.testng.reporters.JUnitReportReporter -->
<testsuite hostname="BLTPG00TMEG" name="seleniumInterview.Xpath" tests="1" failures="0" timestamp="19 Nov 2017 07:44:18 GMT" time="18.070" errors="0">
  <testcase name="loginAmazon" time="18.070" classname="seleniumInterview.Xpath"/>
</testsuite> <!-- seleniumInterview.Xpath -->
