<?xml version="1.0" encoding="UTF-8"?>
<!-- Generated by org.testng.reporters.JUnitReportReporter -->
<testsuite hostname="BLTPG00TMEG" name="InterviewPractice.DataProviderTest" tests="3" failures="0" timestamp="17 Feb 2018 08:14:41 GMT" time="0.040" errors="0">
  <testcase name="dataProvidertesting" time="0.002" classname="InterviewPractice.DataProviderTest"/>
  <testcase name="dataProvidertesting" time="0.035" classname="InterviewPractice.DataProviderTest"/>
  <testcase name="dataProvidertesting" time="0.003" classname="InterviewPractice.DataProviderTest"/>
</testsuite> <!-- InterviewPractice.DataProviderTest -->
