<?xml version="1.0" encoding="UTF-8"?>
<!-- Generated by org.testng.reporters.JUnitReportReporter -->
<testsuite hostname="BLTPG00TMEG" name="mukesh_Otwani.FaildTestCase_Execution" tests="1" failures="0" timestamp="17 Mar 2018 04:32:37 GMT" time="0.180" errors="0">
  <testcase name="Faild_testCases" time="0.180" classname="mukesh_Otwani.FaildTestCase_Execution"/>
</testsuite> <!-- mukesh_Otwani.FaildTestCase_Execution -->
