<?xml version="1.0" encoding="UTF-8"?>
<!-- Generated by org.testng.reporters.JUnitReportReporter -->
<testsuite hostname="BLTPG00TMEG" name="learn_JAVA.String_CharCount" tests="1" failures="0" timestamp="8 Dec 2017 17:58:16 GMT" time="0.019" errors="0">
  <testcase name="CharStringLatter" time="0.019" classname="learn_JAVA.String_CharCount"/>
</testsuite> <!-- learn_JAVA.String_CharCount -->
